[0.346s] DEBUG:colcon:Command line arguments: ['/usr/bin/colcon', 'build']
[0.346s] DEBUG:colcon:Parsed command line arguments: Namespace(log_base=None, log_level=None, verb_name='build', build_base='build', install_base='install', merge_install=False, symlink_install=False, test_result_base=None, continue_on_error=False, executor='parallel', parallel_workers=8, event_handlers=None, ignore_user_meta=False, metas=['./colcon.meta'], base_paths=['.'], packages_ignore=None, packages_ignore_regex=None, paths=None, packages_up_to=None, packages_up_to_regex=None, packages_above=None, packages_above_and_dependencies=None, packages_above_depth=None, packages_select_by_dep=None, packages_skip_by_dep=None, packages_skip_up_to=None, packages_select_build_failed=False, packages_skip_build_finished=False, packages_select_test_failures=False, packages_skip_test_passed=False, packages_select=None, packages_skip=None, packages_select_regex=None, packages_skip_regex=None, packages_start=None, packages_end=None, allow_overriding=[], cmake_args=None, cmake_target=None, cmake_target_skip_unavailable=False, cmake_clean_cache=False, cmake_clean_first=False, cmake_force_configure=False, ament_cmake_args=None, catkin_cmake_args=None, catkin_skip_building_tests=False, verb_parser=<colcon_defaults.argument_parser.defaults.DefaultArgumentsDecorator object at 0x7faa125cf340>, verb_extension=<colcon_core.verb.build.BuildVerb object at 0x7faa123f6a40>, main=<bound method BuildVerb.main of <colcon_core.verb.build.BuildVerb object at 0x7faa123f6a40>>)
[0.370s] Level 1:colcon.colcon_core.package_discovery:discover_packages(colcon_meta) check parameters
[0.370s] Level 1:colcon.colcon_core.package_discovery:discover_packages(recursive) check parameters
[0.370s] Level 1:colcon.colcon_core.package_discovery:discover_packages(ignore) check parameters
[0.370s] Level 1:colcon.colcon_core.package_discovery:discover_packages(path) check parameters
[0.370s] Level 1:colcon.colcon_core.package_discovery:discover_packages(colcon_meta) discover
[0.370s] Level 1:colcon.colcon_core.package_discovery:discover_packages(recursive) discover
[0.370s] INFO:colcon.colcon_core.package_discovery:Crawling recursively for packages in '/home/server/ros2_ws'
[0.370s] Level 1:colcon.colcon_core.package_identification:_identify(.) by extensions ['ignore', 'ignore_ament_install']
[0.370s] Level 1:colcon.colcon_core.package_identification:_identify(.) by extension 'ignore'
[0.370s] Level 1:colcon.colcon_core.package_identification:_identify(.) by extension 'ignore_ament_install'
[0.371s] Level 1:colcon.colcon_core.package_identification:_identify(.) by extensions ['colcon_pkg']
[0.371s] Level 1:colcon.colcon_core.package_identification:_identify(.) by extension 'colcon_pkg'
[0.371s] Level 1:colcon.colcon_core.package_identification:_identify(.) by extensions ['colcon_meta']
[0.371s] Level 1:colcon.colcon_core.package_identification:_identify(.) by extension 'colcon_meta'
[0.371s] Level 1:colcon.colcon_core.package_identification:_identify(.) by extensions ['ros']
[0.371s] Level 1:colcon.colcon_core.package_identification:_identify(.) by extension 'ros'
[0.383s] Level 1:colcon.colcon_core.package_identification:_identify(.) by extensions ['cmake', 'python']
[0.384s] Level 1:colcon.colcon_core.package_identification:_identify(.) by extension 'cmake'
[0.384s] Level 1:colcon.colcon_core.package_identification:_identify(.) by extension 'python'
[0.384s] Level 1:colcon.colcon_core.package_identification:_identify(.) by extensions ['python_setup_py']
[0.384s] Level 1:colcon.colcon_core.package_identification:_identify(.) by extension 'python_setup_py'
[0.384s] Level 1:colcon.colcon_core.package_identification:_identify(build) by extensions ['ignore', 'ignore_ament_install']
[0.384s] Level 1:colcon.colcon_core.package_identification:_identify(build) by extension 'ignore'
[0.384s] Level 1:colcon.colcon_core.package_identification:_identify(build) ignored
[0.384s] Level 1:colcon.colcon_core.package_identification:_identify(install) by extensions ['ignore', 'ignore_ament_install']
[0.385s] Level 1:colcon.colcon_core.package_identification:_identify(install) by extension 'ignore'
[0.385s] Level 1:colcon.colcon_core.package_identification:_identify(install) ignored
[0.385s] Level 1:colcon.colcon_core.package_identification:_identify(log) by extensions ['ignore', 'ignore_ament_install']
[0.385s] Level 1:colcon.colcon_core.package_identification:_identify(log) by extension 'ignore'
[0.385s] Level 1:colcon.colcon_core.package_identification:_identify(log) ignored
[0.385s] Level 1:colcon.colcon_core.package_identification:_identify(src) by extensions ['ignore', 'ignore_ament_install']
[0.385s] Level 1:colcon.colcon_core.package_identification:_identify(src) by extension 'ignore'
[0.385s] Level 1:colcon.colcon_core.package_identification:_identify(src) by extension 'ignore_ament_install'
[0.385s] Level 1:colcon.colcon_core.package_identification:_identify(src) by extensions ['colcon_pkg']
[0.386s] Level 1:colcon.colcon_core.package_identification:_identify(src) by extension 'colcon_pkg'
[0.386s] Level 1:colcon.colcon_core.package_identification:_identify(src) by extensions ['colcon_meta']
[0.386s] Level 1:colcon.colcon_core.package_identification:_identify(src) by extension 'colcon_meta'
[0.386s] Level 1:colcon.colcon_core.package_identification:_identify(src) by extensions ['ros']
[0.386s] Level 1:colcon.colcon_core.package_identification:_identify(src) by extension 'ros'
[0.386s] Level 1:colcon.colcon_core.package_identification:_identify(src) by extensions ['cmake', 'python']
[0.386s] Level 1:colcon.colcon_core.package_identification:_identify(src) by extension 'cmake'
[0.386s] Level 1:colcon.colcon_core.package_identification:_identify(src) by extension 'python'
[0.386s] Level 1:colcon.colcon_core.package_identification:_identify(src) by extensions ['python_setup_py']
[0.386s] Level 1:colcon.colcon_core.package_identification:_identify(src) by extension 'python_setup_py'
[0.386s] Level 1:colcon.colcon_core.package_identification:_identify(src/my_bot) by extensions ['ignore', 'ignore_ament_install']
[0.386s] Level 1:colcon.colcon_core.package_identification:_identify(src/my_bot) by extension 'ignore'
[0.386s] Level 1:colcon.colcon_core.package_identification:_identify(src/my_bot) by extension 'ignore_ament_install'
[0.387s] Level 1:colcon.colcon_core.package_identification:_identify(src/my_bot) by extensions ['colcon_pkg']
[0.387s] Level 1:colcon.colcon_core.package_identification:_identify(src/my_bot) by extension 'colcon_pkg'
[0.387s] Level 1:colcon.colcon_core.package_identification:_identify(src/my_bot) by extensions ['colcon_meta']
[0.387s] Level 1:colcon.colcon_core.package_identification:_identify(src/my_bot) by extension 'colcon_meta'
[0.387s] Level 1:colcon.colcon_core.package_identification:_identify(src/my_bot) by extensions ['ros']
[0.387s] Level 1:colcon.colcon_core.package_identification:_identify(src/my_bot) by extension 'ros'
[0.387s] Level 1:colcon.colcon_core.package_identification:_identify(src/my_bot) by extensions ['cmake', 'python']
[0.387s] Level 1:colcon.colcon_core.package_identification:_identify(src/my_bot) by extension 'cmake'
[0.387s] Level 1:colcon.colcon_core.package_identification:_identify(src/my_bot) by extension 'python'
[0.387s] Level 1:colcon.colcon_core.package_identification:_identify(src/my_bot) by extensions ['python_setup_py']
[0.387s] Level 1:colcon.colcon_core.package_identification:_identify(src/my_bot) by extension 'python_setup_py'
[0.387s] Level 1:colcon.colcon_core.package_identification:_identify(src/my_bot/my_bot) by extensions ['ignore', 'ignore_ament_install']
[0.388s] Level 1:colcon.colcon_core.package_identification:_identify(src/my_bot/my_bot) by extension 'ignore'
[0.388s] Level 1:colcon.colcon_core.package_identification:_identify(src/my_bot/my_bot) by extension 'ignore_ament_install'
[0.388s] Level 1:colcon.colcon_core.package_identification:_identify(src/my_bot/my_bot) by extensions ['colcon_pkg']
[0.388s] Level 1:colcon.colcon_core.package_identification:_identify(src/my_bot/my_bot) by extension 'colcon_pkg'
[0.388s] Level 1:colcon.colcon_core.package_identification:_identify(src/my_bot/my_bot) by extensions ['colcon_meta']
[0.388s] Level 1:colcon.colcon_core.package_identification:_identify(src/my_bot/my_bot) by extension 'colcon_meta'
[0.388s] Level 1:colcon.colcon_core.package_identification:_identify(src/my_bot/my_bot) by extensions ['ros']
[0.388s] Level 1:colcon.colcon_core.package_identification:_identify(src/my_bot/my_bot) by extension 'ros'
[0.391s] DEBUG:colcon.colcon_core.package_identification:Package 'src/my_bot/my_bot' with type 'ros.ament_cmake' and name 'my_bot'
[0.391s] Level 1:colcon.colcon_core.package_discovery:discover_packages(recursive) using defaults
[0.391s] Level 1:colcon.colcon_core.package_discovery:discover_packages(ignore) discover
[0.391s] Level 1:colcon.colcon_core.package_discovery:discover_packages(ignore) using defaults
[0.391s] Level 1:colcon.colcon_core.package_discovery:discover_packages(path) discover
[0.391s] Level 1:colcon.colcon_core.package_discovery:discover_packages(path) using defaults
[0.414s] Level 1:colcon.colcon_core.package_discovery:discover_packages(prefix_path) check parameters
[0.414s] Level 1:colcon.colcon_core.package_discovery:discover_packages(prefix_path) discover
[0.416s] DEBUG:colcon.colcon_installed_package_information.package_discovery:Found 1 installed packages in /home/server/ros2_ws/install
[0.418s] DEBUG:colcon.colcon_installed_package_information.package_discovery:Found 364 installed packages in /opt/ros/humble
[0.421s] Level 1:colcon.colcon_core.package_discovery:discover_packages(prefix_path) using defaults
[0.507s] Level 5:colcon.colcon_core.verb:set package 'my_bot' build argument 'cmake_args' from command line to 'None'
[0.507s] Level 5:colcon.colcon_core.verb:set package 'my_bot' build argument 'cmake_target' from command line to 'None'
[0.507s] Level 5:colcon.colcon_core.verb:set package 'my_bot' build argument 'cmake_target_skip_unavailable' from command line to 'False'
[0.507s] Level 5:colcon.colcon_core.verb:set package 'my_bot' build argument 'cmake_clean_cache' from command line to 'False'
[0.507s] Level 5:colcon.colcon_core.verb:set package 'my_bot' build argument 'cmake_clean_first' from command line to 'False'
[0.507s] Level 5:colcon.colcon_core.verb:set package 'my_bot' build argument 'cmake_force_configure' from command line to 'False'
[0.507s] Level 5:colcon.colcon_core.verb:set package 'my_bot' build argument 'ament_cmake_args' from command line to 'None'
[0.507s] Level 5:colcon.colcon_core.verb:set package 'my_bot' build argument 'catkin_cmake_args' from command line to 'None'
[0.507s] Level 5:colcon.colcon_core.verb:set package 'my_bot' build argument 'catkin_skip_building_tests' from command line to 'False'
[0.507s] DEBUG:colcon.colcon_core.verb:Building package 'my_bot' with the following arguments: {'ament_cmake_args': None, 'build_base': '/home/server/ros2_ws/build/my_bot', 'catkin_cmake_args': None, 'catkin_skip_building_tests': False, 'cmake_args': None, 'cmake_clean_cache': False, 'cmake_clean_first': False, 'cmake_force_configure': False, 'cmake_target': None, 'cmake_target_skip_unavailable': False, 'install_base': '/home/server/ros2_ws/install/my_bot', 'merge_install': False, 'path': '/home/server/ros2_ws/src/my_bot/my_bot', 'symlink_install': False, 'test_result_base': None}
[0.508s] INFO:colcon.colcon_core.executor:Executing jobs using 'parallel' executor
[0.511s] DEBUG:colcon.colcon_parallel_executor.executor.parallel:run_until_complete
[0.512s] INFO:colcon.colcon_ros.task.ament_cmake.build:Building ROS package in '/home/server/ros2_ws/src/my_bot/my_bot' with build type 'ament_cmake'
[0.512s] INFO:colcon.colcon_cmake.task.cmake.build:Building CMake package in '/home/server/ros2_ws/src/my_bot/my_bot'
[0.516s] INFO:colcon.colcon_core.plugin_system:Skipping extension 'colcon_core.shell.bat': Not used on non-Windows systems
[0.516s] INFO:colcon.colcon_core.shell:Skip shell extension 'powershell' for command environment: Not usable outside of PowerShell
[0.516s] DEBUG:colcon.colcon_core.shell:Skip shell extension 'dsv' for command environment
[0.526s] DEBUG:colcon.colcon_core.event_handler.log_command:Invoking command in '/home/server/ros2_ws/build/my_bot': CMAKE_PREFIX_PATH=${CMAKE_PREFIX_PATH}:/opt/ros/humble /usr/bin/cmake /home/server/ros2_ws/src/my_bot/my_bot -DCMAKE_INSTALL_PREFIX=/home/server/ros2_ws/install/my_bot
[1.195s] DEBUG:colcon.colcon_core.event_handler.log_command:Invoked command in '/home/server/ros2_ws/build/my_bot' returned '1': CMAKE_PREFIX_PATH=${CMAKE_PREFIX_PATH}:/opt/ros/humble /usr/bin/cmake /home/server/ros2_ws/src/my_bot/my_bot -DCMAKE_INSTALL_PREFIX=/home/server/ros2_ws/install/my_bot
[1.205s] Level 1:colcon.colcon_core.environment:create_environment_scripts_only(my_bot)
[1.209s] Level 1:colcon.colcon_core.environment:checking '/home/server/ros2_ws/install/my_bot' for CMake module files
[1.210s] Level 1:colcon.colcon_core.environment:checking '/home/server/ros2_ws/install/my_bot' for CMake config files
[1.210s] Level 1:colcon.colcon_core.environment:checking '/home/server/ros2_ws/install/my_bot/bin'
[1.210s] Level 1:colcon.colcon_core.environment:checking '/home/server/ros2_ws/install/my_bot/lib/pkgconfig/my_bot.pc'
[1.210s] Level 1:colcon.colcon_core.environment:checking '/home/server/ros2_ws/install/my_bot/lib/python3.10/site-packages'
[1.211s] Level 1:colcon.colcon_core.environment:checking '/home/server/ros2_ws/install/my_bot/bin'
[1.212s] INFO:colcon.colcon_core.shell:Creating package script '/home/server/ros2_ws/install/my_bot/share/my_bot/package.ps1'
[1.214s] INFO:colcon.colcon_core.shell:Creating package descriptor '/home/server/ros2_ws/install/my_bot/share/my_bot/package.dsv'
[1.214s] INFO:colcon.colcon_core.shell:Creating package script '/home/server/ros2_ws/install/my_bot/share/my_bot/package.sh'
[1.215s] INFO:colcon.colcon_core.shell:Creating package script '/home/server/ros2_ws/install/my_bot/share/my_bot/package.bash'
[1.215s] INFO:colcon.colcon_core.shell:Creating package script '/home/server/ros2_ws/install/my_bot/share/my_bot/package.zsh'
[1.216s] Level 1:colcon.colcon_core.environment:create_file_with_runtime_dependencies(/home/server/ros2_ws/install/my_bot/share/colcon-core/packages/my_bot)
[1.226s] DEBUG:colcon.colcon_parallel_executor.executor.parallel:closing loop
[1.227s] DEBUG:colcon.colcon_parallel_executor.executor.parallel:loop closed
[1.227s] DEBUG:colcon.colcon_parallel_executor.executor.parallel:run_until_complete finished with '1'
[1.227s] DEBUG:colcon.colcon_core.event_reactor:joining thread
[1.233s] INFO:colcon.colcon_core.plugin_system:Skipping extension 'colcon_notification.desktop_notification.terminal_notifier': Not used on non-Darwin systems
[1.233s] INFO:colcon.colcon_core.plugin_system:Skipping extension 'colcon_notification.desktop_notification.win32': Not used on non-Windows systems
[1.233s] INFO:colcon.colcon_notification.desktop_notification:Sending desktop notification using 'notify2'
[1.247s] DEBUG:colcon.colcon_core.event_reactor:joined thread
[1.249s] INFO:colcon.colcon_core.shell:Creating prefix script '/home/server/ros2_ws/install/local_setup.ps1'
[1.250s] INFO:colcon.colcon_core.shell:Creating prefix util module '/home/server/ros2_ws/install/_local_setup_util_ps1.py'
[1.251s] INFO:colcon.colcon_core.shell:Creating prefix chain script '/home/server/ros2_ws/install/setup.ps1'
[1.252s] INFO:colcon.colcon_core.shell:Creating prefix script '/home/server/ros2_ws/install/local_setup.sh'
[1.253s] INFO:colcon.colcon_core.shell:Creating prefix util module '/home/server/ros2_ws/install/_local_setup_util_sh.py'
[1.254s] INFO:colcon.colcon_core.shell:Creating prefix chain script '/home/server/ros2_ws/install/setup.sh'
[1.255s] INFO:colcon.colcon_core.shell:Creating prefix script '/home/server/ros2_ws/install/local_setup.bash'
[1.256s] INFO:colcon.colcon_core.shell:Creating prefix chain script '/home/server/ros2_ws/install/setup.bash'
[1.258s] INFO:colcon.colcon_core.shell:Creating prefix script '/home/server/ros2_ws/install/local_setup.zsh'
[1.259s] INFO:colcon.colcon_core.shell:Creating prefix chain script '/home/server/ros2_ws/install/setup.zsh'
