[0.011s] Invoking command in '/home/server/ros2_ws/build/my_bot': CMAKE_PREFIX_PATH=${CMAKE_PREFIX_PATH}:/opt/ros/humble /usr/bin/cmake /home/server/ros2_ws/src/my_bot/my_bot -DCMAKE_INSTALL_PREFIX=/home/server/ros2_ws/install/my_bot
[0.024s] -- Found ament_cmake: 1.3.5 (/opt/ros/humble/share/ament_cmake/cmake)
[0.170s] -- Found ament_lint_auto: 0.12.6 (/opt/ros/humble/share/ament_lint_auto/cmake)
[0.256s] -- Added test 'copyright' to check source files copyright and LICENSE
[0.259s] -- Added test 'flake8' to check Python code syntax and style conventions
[0.260s] -- Added test 'lint_cmake' to check CMake code style
[0.261s] -- Added test 'pep257' to check Python code against some of the docstring style conventions in PEP 257
[0.263s] -- Added test 'xmllint' to check XML markup files
[0.265s] -- Configuring done
[0.268s] -- Generating done
[0.269s] -- Build files have been written to: /home/server/ros2_ws/build/my_bot
[0.271s] Invoked command in '/home/server/ros2_ws/build/my_bot' returned '0': CMAKE_PREFIX_PATH=${CMAKE_PREFIX_PATH}:/opt/ros/humble /usr/bin/cmake /home/server/ros2_ws/src/my_bot/my_bot -DCMAKE_INSTALL_PREFIX=/home/server/ros2_ws/install/my_bot
[0.273s] Invoking command in '/home/server/ros2_ws/build/my_bot': CMAKE_PREFIX_PATH=${CMAKE_PREFIX_PATH}:/opt/ros/humble /usr/bin/cmake --build /home/server/ros2_ws/build/my_bot -- -j8 -l8
[0.306s] Invoked command in '/home/server/ros2_ws/build/my_bot' returned '0': CMAKE_PREFIX_PATH=${CMAKE_PREFIX_PATH}:/opt/ros/humble /usr/bin/cmake --build /home/server/ros2_ws/build/my_bot -- -j8 -l8
[0.333s] Invoking command in '/home/server/ros2_ws/build/my_bot': CMAKE_PREFIX_PATH=${CMAKE_PREFIX_PATH}:/opt/ros/humble /usr/bin/cmake --install /home/server/ros2_ws/build/my_bot
[0.339s] -- Install configuration: ""
[0.339s] -- Installing: /home/server/ros2_ws/install/my_bot/share/my_bot/config
[0.339s] -- Installing: /home/server/ros2_ws/install/my_bot/share/my_bot/config/view_bot.rviz
[0.340s] -- Installing: /home/server/ros2_ws/install/my_bot/share/my_bot/config/drive_bot.rviz
[0.340s] -- Installing: /home/server/ros2_ws/install/my_bot/share/my_bot/config/my_controllers.yaml
[0.340s] -- Installing: /home/server/ros2_ws/install/my_bot/share/my_bot/config/empty.yaml
[0.340s] -- Installing: /home/server/ros2_ws/install/my_bot/share/my_bot/description
[0.340s] -- Installing: /home/server/ros2_ws/install/my_bot/share/my_bot/description/camera.xacro
[0.340s] -- Installing: /home/server/ros2_ws/install/my_bot/share/my_bot/description/robot.urdf.xacro
[0.340s] -- Installing: /home/server/ros2_ws/install/my_bot/share/my_bot/description/robot_core.xacro
[0.341s] -- Installing: /home/server/ros2_ws/install/my_bot/share/my_bot/description/ros2_control.xacro
[0.341s] -- Installing: /home/server/ros2_ws/install/my_bot/share/my_bot/description/gazebo_control.xacro
[0.341s] -- Installing: /home/server/ros2_ws/install/my_bot/share/my_bot/description/inertial_macros.xacro
[0.341s] -- Installing: /home/server/ros2_ws/install/my_bot/share/my_bot/launch
[0.341s] -- Installing: /home/server/ros2_ws/install/my_bot/share/my_bot/launch/rsp.launch.py
[0.341s] -- Installing: /home/server/ros2_ws/install/my_bot/share/my_bot/launch/launch_sim.launch.py
[0.341s] -- Installing: /home/server/ros2_ws/install/my_bot/share/my_bot/launch/rs_intra_process_demo_launch.py
[0.341s] -- Installing: /home/server/ros2_ws/install/my_bot/share/my_bot/launch/rs_multi_camera_launch.py
[0.342s] -- Installing: /home/server/ros2_ws/install/my_bot/share/my_bot/launch/rs_launch.py
[0.342s] -- Installing: /home/server/ros2_ws/install/my_bot/share/my_bot/worlds
[0.342s] -- Installing: /home/server/ros2_ws/install/my_bot/share/my_bot/worlds/new.world
[0.342s] -- Installing: /home/server/ros2_ws/install/my_bot/share/my_bot/worlds/empty.world
[0.342s] -- Installing: /home/server/ros2_ws/install/my_bot/share/my_bot/meshes
[0.342s] -- Installing: /home/server/ros2_ws/install/my_bot/share/my_bot/meshes/left_wheel_link.STL
[0.343s] -- Installing: /home/server/ros2_ws/install/my_bot/share/my_bot/meshes/right_wheel_link.STL
[0.344s] -- Installing: /home/server/ros2_ws/install/my_bot/share/my_bot/meshes/camera_link.STL
[0.344s] -- Installing: /home/server/ros2_ws/install/my_bot/share/my_bot/meshes/base_link.STL
[0.351s] -- Installing: /home/server/ros2_ws/install/my_bot/share/my_bot/meshes/wheel_caster_link.STL
[0.352s] -- Installing: /home/server/ros2_ws/install/my_bot/share/my_bot/meshes/base_caster_link.STL
[0.352s] -- Installing: /home/server/ros2_ws/install/my_bot/share/ament_index/resource_index/package_run_dependencies/my_bot
[0.352s] -- Installing: /home/server/ros2_ws/install/my_bot/share/ament_index/resource_index/parent_prefix_path/my_bot
[0.352s] -- Installing: /home/server/ros2_ws/install/my_bot/share/my_bot/environment/ament_prefix_path.sh
[0.353s] -- Installing: /home/server/ros2_ws/install/my_bot/share/my_bot/environment/ament_prefix_path.dsv
[0.353s] -- Installing: /home/server/ros2_ws/install/my_bot/share/my_bot/environment/path.sh
[0.353s] -- Installing: /home/server/ros2_ws/install/my_bot/share/my_bot/environment/path.dsv
[0.353s] -- Installing: /home/server/ros2_ws/install/my_bot/share/my_bot/local_setup.bash
[0.353s] -- Installing: /home/server/ros2_ws/install/my_bot/share/my_bot/local_setup.sh
[0.353s] -- Installing: /home/server/ros2_ws/install/my_bot/share/my_bot/local_setup.zsh
[0.353s] -- Installing: /home/server/ros2_ws/install/my_bot/share/my_bot/local_setup.dsv
[0.353s] -- Installing: /home/server/ros2_ws/install/my_bot/share/my_bot/package.dsv
[0.353s] -- Installing: /home/server/ros2_ws/install/my_bot/share/ament_index/resource_index/packages/my_bot
[0.354s] -- Installing: /home/server/ros2_ws/install/my_bot/share/my_bot/cmake/my_botConfig.cmake
[0.354s] -- Installing: /home/server/ros2_ws/install/my_bot/share/my_bot/cmake/my_botConfig-version.cmake
[0.354s] -- Installing: /home/server/ros2_ws/install/my_bot/share/my_bot/package.xml
[0.356s] Invoked command in '/home/server/ros2_ws/build/my_bot' returned '0': CMAKE_PREFIX_PATH=${CMAKE_PREFIX_PATH}:/opt/ros/humble /usr/bin/cmake --install /home/server/ros2_ws/build/my_bot
