[0.012s] Invoking command in '/home/server/ros2_ws/build/my_robot': CMAKE_PREFIX_PATH=/opt/ros/humble /usr/bin/cmake /home/server/ros2_ws/src/my_bot/my_bot -DCMAKE_INSTALL_PREFIX=/home/server/ros2_ws/install/my_robot
[0.053s] -- The C compiler identification is GNU 11.3.0
[0.099s] -- The CXX compiler identification is GNU 11.3.0
[0.105s] -- Detecting C compiler ABI info
[0.159s] -- Detecting C compiler ABI info - done
[0.166s] -- Check for working C compiler: /usr/bin/cc - skipped
[0.167s] -- Detecting C compile features
[0.167s] -- Detecting C compile features - done
[0.170s] -- Detecting CXX compiler ABI info
[0.235s] -- Detecting CXX compiler ABI info - done
[0.245s] -- Check for working CXX compiler: /usr/bin/c++ - skipped
[0.245s] -- Detecting CXX compile features
[0.246s] -- Detecting CXX compile features - done
[0.249s] -- Found ament_cmake: 1.3.5 (/opt/ros/humble/share/ament_cmake/cmake)
[0.418s] -- Found Python3: /usr/bin/python3.10 (found version "3.10.6") found components: Interpreter 
[0.503s] -- Found ament_lint_auto: 0.12.6 (/opt/ros/humble/share/ament_lint_auto/cmake)
[0.586s] -- Added test 'copyright' to check source files copyright and LICENSE
[0.589s] -- Added test 'flake8' to check Python code syntax and style conventions
[0.590s] -- Added test 'lint_cmake' to check CMake code style
[0.590s] -- Added test 'pep257' to check Python code against some of the docstring style conventions in PEP 257
[0.592s] -- Added test 'xmllint' to check XML markup files
[0.593s] -- Configuring done
[0.596s] -- Generating done
[0.597s] -- Build files have been written to: /home/server/ros2_ws/build/my_robot
[0.601s] Invoked command in '/home/server/ros2_ws/build/my_robot' returned '0': CMAKE_PREFIX_PATH=/opt/ros/humble /usr/bin/cmake /home/server/ros2_ws/src/my_bot/my_bot -DCMAKE_INSTALL_PREFIX=/home/server/ros2_ws/install/my_robot
[0.602s] Invoking command in '/home/server/ros2_ws/build/my_robot': CMAKE_PREFIX_PATH=/opt/ros/humble /usr/bin/cmake --build /home/server/ros2_ws/build/my_robot -- -j8 -l8
[0.635s] Invoked command in '/home/server/ros2_ws/build/my_robot' returned '0': CMAKE_PREFIX_PATH=/opt/ros/humble /usr/bin/cmake --build /home/server/ros2_ws/build/my_robot -- -j8 -l8
[0.659s] Invoking command in '/home/server/ros2_ws/build/my_robot': CMAKE_PREFIX_PATH=/opt/ros/humble /usr/bin/cmake --install /home/server/ros2_ws/build/my_robot
[0.666s] -- Install configuration: ""
[0.666s] -- Installing: /home/server/ros2_ws/install/my_robot/share/my_robot/config
[0.666s] -- Installing: /home/server/ros2_ws/install/my_robot/share/my_robot/config/empty.yaml
[0.666s] -- Installing: /home/server/ros2_ws/install/my_robot/share/my_robot/description
[0.666s] -- Installing: /home/server/ros2_ws/install/my_robot/share/my_robot/description/camera.xacro
[0.666s] -- Installing: /home/server/ros2_ws/install/my_robot/share/my_robot/description/robot.urdf.xacro
[0.666s] -- Installing: /home/server/ros2_ws/install/my_robot/share/my_robot/description/robot_core.xacro
[0.666s] -- Installing: /home/server/ros2_ws/install/my_robot/share/my_robot/description/gazebo_control.xacro
[0.667s] -- Installing: /home/server/ros2_ws/install/my_robot/share/my_robot/description/inertial_macros.xacro
[0.667s] -- Installing: /home/server/ros2_ws/install/my_robot/share/my_robot/launch
[0.667s] -- Installing: /home/server/ros2_ws/install/my_robot/share/my_robot/launch/rsp.launch.py
[0.667s] -- Installing: /home/server/ros2_ws/install/my_robot/share/my_robot/launch/launch_sim.launch.py
[0.667s] -- Installing: /home/server/ros2_ws/install/my_robot/share/my_robot/worlds
[0.667s] -- Installing: /home/server/ros2_ws/install/my_robot/share/my_robot/worlds/new.world
[0.667s] -- Installing: /home/server/ros2_ws/install/my_robot/share/my_robot/worlds/empty.world
[0.667s] -- Installing: /home/server/ros2_ws/install/my_robot/share/my_robot/meshes
[0.668s] -- Installing: /home/server/ros2_ws/install/my_robot/share/my_robot/meshes/left_wheel_link.STL
[0.669s] -- Installing: /home/server/ros2_ws/install/my_robot/share/my_robot/meshes/right_wheel_link.STL
[0.671s] -- Installing: /home/server/ros2_ws/install/my_robot/share/my_robot/meshes/camera_link.STL
[0.672s] -- Installing: /home/server/ros2_ws/install/my_robot/share/my_robot/meshes/base_link.STL
[0.681s] -- Installing: /home/server/ros2_ws/install/my_robot/share/my_robot/meshes/wheel_caster_link.STL
[0.681s] -- Installing: /home/server/ros2_ws/install/my_robot/share/my_robot/meshes/base_caster_link.STL
[0.682s] -- Installing: /home/server/ros2_ws/install/my_robot/share/ament_index/resource_index/package_run_dependencies/my_robot
[0.682s] -- Installing: /home/server/ros2_ws/install/my_robot/share/ament_index/resource_index/parent_prefix_path/my_robot
[0.682s] -- Installing: /home/server/ros2_ws/install/my_robot/share/my_robot/environment/ament_prefix_path.sh
[0.682s] -- Installing: /home/server/ros2_ws/install/my_robot/share/my_robot/environment/ament_prefix_path.dsv
[0.683s] -- Installing: /home/server/ros2_ws/install/my_robot/share/my_robot/environment/path.sh
[0.683s] -- Installing: /home/server/ros2_ws/install/my_robot/share/my_robot/environment/path.dsv
[0.683s] -- Installing: /home/server/ros2_ws/install/my_robot/share/my_robot/local_setup.bash
[0.683s] -- Installing: /home/server/ros2_ws/install/my_robot/share/my_robot/local_setup.sh
[0.683s] -- Installing: /home/server/ros2_ws/install/my_robot/share/my_robot/local_setup.zsh
[0.683s] -- Installing: /home/server/ros2_ws/install/my_robot/share/my_robot/local_setup.dsv
[0.683s] -- Installing: /home/server/ros2_ws/install/my_robot/share/my_robot/package.dsv
[0.684s] -- Installing: /home/server/ros2_ws/install/my_robot/share/ament_index/resource_index/packages/my_robot
[0.684s] -- Installing: /home/server/ros2_ws/install/my_robot/share/my_robot/cmake/my_robotConfig.cmake
[0.684s] -- Installing: /home/server/ros2_ws/install/my_robot/share/my_robot/cmake/my_robotConfig-version.cmake
[0.684s] -- Installing: /home/server/ros2_ws/install/my_robot/share/my_robot/package.xml
[0.686s] Invoked command in '/home/server/ros2_ws/build/my_robot' returned '0': CMAKE_PREFIX_PATH=/opt/ros/humble /usr/bin/cmake --install /home/server/ros2_ws/build/my_robot
