[0.014s] Invoking command in '/home/server/ros2_ws/build/my_bot': CMAKE_PREFIX_PATH=${CMAKE_PREFIX_PATH}:/opt/ros/humble /usr/bin/cmake /home/server/ros2_ws/src/my_bot/my_bot -DCMAKE_INSTALL_PREFIX=/home/server/ros2_ws/install/my_bot
[0.079s] -- The C compiler identification is GNU 11.4.0
[0.136s] -- The CXX compiler identification is GNU 11.4.0
[0.146s] -- Detecting C compiler ABI info
[0.210s] -- Detecting C compiler ABI info - done
[0.219s] -- Check for working C compiler: /usr/bin/cc - skipped
[0.219s] -- Detecting C compile features
[0.220s] -- Detecting C compile features - done
[0.224s] -- Detecting CXX compiler ABI info
[0.298s] -- Detecting CXX compiler ABI info - done
[0.311s] -- Check for working CXX compiler: /usr/bin/c++ - skipped
[0.312s] -- Detecting CXX compile features
[0.312s] -- Detecting CXX compile features - done
[0.322s] -- Found ament_cmake: 1.3.5 (/opt/ros/humble/share/ament_cmake/cmake)
[0.510s] -- Found Python3: /usr/bin/python3.10 (found version "3.10.12") found components: Interpreter 
[0.615s] -- Found ament_lint_auto: 0.12.6 (/opt/ros/humble/share/ament_lint_auto/cmake)
[0.676s] [31mCMake Error at /opt/ros/humble/share/ament_cmake_core/cmake/core/ament_package_xml.cmake:53 (message):
[0.676s]   ament_package_xml() package name 'my_bot' in '/package.xml' does not match
[0.676s]   current PROJECT_NAME 'my_robot'.  You must call project() with the same
[0.676s]   package name before.
[0.676s] Call Stack (most recent call first):
[0.676s]   /opt/ros/humble/share/ament_lint_auto/cmake/ament_lint_auto_find_test_dependencies.cmake:31 (ament_package_xml)
[0.676s]   CMakeLists.txt:32 (ament_lint_auto_find_test_dependencies)
[0.677s] 
[0.677s] [0m
[0.677s] -- Configuring incomplete, errors occurred!
[0.677s] See also "/home/server/ros2_ws/build/my_bot/CMakeFiles/CMakeOutput.log".
[0.683s] Invoked command in '/home/server/ros2_ws/build/my_bot' returned '1': CMAKE_PREFIX_PATH=${CMAKE_PREFIX_PATH}:/opt/ros/humble /usr/bin/cmake /home/server/ros2_ws/src/my_bot/my_bot -DCMAKE_INSTALL_PREFIX=/home/server/ros2_ws/install/my_bot
