[0.011s] Invoking command in '/home/server/ros2_ws/build/my_bot': CMAKE_PREFIX_PATH=/opt/ros/humble /usr/bin/cmake /home/server/ros2_ws/src/my_bot/my_bot -DAMENT_CMAKE_SYMLINK_INSTALL=1 -DCMAKE_INSTALL_PREFIX=/home/server/ros2_ws/install/my_bot
[0.027s] -- Found ament_cmake: 1.3.5 (/opt/ros/humble/share/ament_cmake/cmake)
[0.152s] -- Override CMake install command with custom implementation using symlinks instead of copying resources
[0.168s] -- Found ament_lint_auto: 0.12.7 (/opt/ros/humble/share/ament_lint_auto/cmake)
[0.230s] -- Added test 'copyright' to check source files copyright and LICENSE
[0.233s] -- Added test 'flake8' to check Python code syntax and style conventions
[0.233s] -- Added test 'lint_cmake' to check CMake code style
[0.234s] -- Added test 'pep257' to check Python code against some of the docstring style conventions in PEP 257
[0.235s] -- Added test 'xmllint' to check XML markup files
[0.236s] -- Configuring done
[0.239s] -- Generating done
[0.240s] -- Build files have been written to: /home/server/ros2_ws/build/my_bot
[0.243s] Invoked command in '/home/server/ros2_ws/build/my_bot' returned '0': CMAKE_PREFIX_PATH=/opt/ros/humble /usr/bin/cmake /home/server/ros2_ws/src/my_bot/my_bot -DAMENT_CMAKE_SYMLINK_INSTALL=1 -DCMAKE_INSTALL_PREFIX=/home/server/ros2_ws/install/my_bot
[0.244s] Invoking command in '/home/server/ros2_ws/build/my_bot': CMAKE_PREFIX_PATH=/opt/ros/humble /usr/bin/cmake --build /home/server/ros2_ws/build/my_bot -- -j8 -l8
[0.275s] Invoked command in '/home/server/ros2_ws/build/my_bot' returned '0': CMAKE_PREFIX_PATH=/opt/ros/humble /usr/bin/cmake --build /home/server/ros2_ws/build/my_bot -- -j8 -l8
[0.301s] Invoking command in '/home/server/ros2_ws/build/my_bot': CMAKE_PREFIX_PATH=/opt/ros/humble /usr/bin/cmake --install /home/server/ros2_ws/build/my_bot
[0.307s] -- Install configuration: ""
[0.308s] -- Execute custom install script
[0.308s] -- Symlinking: /home/server/ros2_ws/install/my_bot/share/my_bot/config/drive_bot.rviz
[0.315s] -- Symlinking: /home/server/ros2_ws/install/my_bot/share/my_bot/config/empty.yaml
[0.322s] -- Symlinking: /home/server/ros2_ws/install/my_bot/share/my_bot/config/my_controllers.yaml
[0.330s] -- Symlinking: /home/server/ros2_ws/install/my_bot/share/my_bot/config/view_bot.rviz
[0.337s] -- Symlinking: /home/server/ros2_ws/install/my_bot/share/my_bot/description/camera.xacro
[0.344s] -- Symlinking: /home/server/ros2_ws/install/my_bot/share/my_bot/description/gazebo_control.xacro
[0.352s] -- Symlinking: /home/server/ros2_ws/install/my_bot/share/my_bot/description/inertial_macros.xacro
[0.360s] -- Symlinking: /home/server/ros2_ws/install/my_bot/share/my_bot/description/robot.urdf.xacro
[0.367s] -- Symlinking: /home/server/ros2_ws/install/my_bot/share/my_bot/description/robot_core.xacro
[0.374s] -- Symlinking: /home/server/ros2_ws/install/my_bot/share/my_bot/description/ros2_control.xacro
[0.381s] -- Symlinking: /home/server/ros2_ws/install/my_bot/share/my_bot/launch/launch_sim.launch.py
[0.388s] -- Symlinking: /home/server/ros2_ws/install/my_bot/share/my_bot/launch/rs_intra_process_demo_launch.py
[0.395s] -- Symlinking: /home/server/ros2_ws/install/my_bot/share/my_bot/launch/rs_launch.py
[0.402s] -- Symlinking: /home/server/ros2_ws/install/my_bot/share/my_bot/launch/rs_multi_camera_launch.py
[0.409s] -- Symlinking: /home/server/ros2_ws/install/my_bot/share/my_bot/launch/rsp.launch.py
[0.416s] -- Symlinking: /home/server/ros2_ws/install/my_bot/share/my_bot/worlds/empty.world
[0.424s] -- Symlinking: /home/server/ros2_ws/install/my_bot/share/my_bot/worlds/mp.world
[0.432s] -- Symlinking: /home/server/ros2_ws/install/my_bot/share/my_bot/worlds/new.world
[0.440s] -- Symlinking: /home/server/ros2_ws/install/my_bot/share/my_bot/meshes/base_caster_link.STL
[0.447s] -- Symlinking: /home/server/ros2_ws/install/my_bot/share/my_bot/meshes/base_link.STL
[0.455s] -- Symlinking: /home/server/ros2_ws/install/my_bot/share/my_bot/meshes/camera_link.STL
[0.463s] -- Symlinking: /home/server/ros2_ws/install/my_bot/share/my_bot/meshes/left_wheel_link.STL
[0.471s] -- Symlinking: /home/server/ros2_ws/install/my_bot/share/my_bot/meshes/right_wheel_link.STL
[0.479s] -- Symlinking: /home/server/ros2_ws/install/my_bot/share/my_bot/meshes/wheel_caster_link.STL
[0.486s] -- Symlinking: /home/server/ros2_ws/install/my_bot/share/ament_index/resource_index/package_run_dependencies/my_bot
[0.494s] -- Symlinking: /home/server/ros2_ws/install/my_bot/share/ament_index/resource_index/parent_prefix_path/my_bot
[0.502s] -- Symlinking: /home/server/ros2_ws/install/my_bot/share/my_bot/environment/ament_prefix_path.sh
[0.509s] -- Symlinking: /home/server/ros2_ws/install/my_bot/share/my_bot/environment/ament_prefix_path.dsv
[0.517s] -- Symlinking: /home/server/ros2_ws/install/my_bot/share/my_bot/environment/path.sh
[0.525s] -- Symlinking: /home/server/ros2_ws/install/my_bot/share/my_bot/environment/path.dsv
[0.533s] -- Symlinking: /home/server/ros2_ws/install/my_bot/share/my_bot/local_setup.bash
[0.541s] -- Symlinking: /home/server/ros2_ws/install/my_bot/share/my_bot/local_setup.sh
[0.549s] -- Symlinking: /home/server/ros2_ws/install/my_bot/share/my_bot/local_setup.zsh
[0.558s] -- Symlinking: /home/server/ros2_ws/install/my_bot/share/my_bot/local_setup.dsv
[0.565s] -- Symlinking: /home/server/ros2_ws/install/my_bot/share/my_bot/package.dsv
[0.573s] -- Symlinking: /home/server/ros2_ws/install/my_bot/share/ament_index/resource_index/packages/my_bot
[0.581s] -- Symlinking: /home/server/ros2_ws/install/my_bot/share/my_bot/cmake/my_botConfig.cmake
[0.589s] -- Symlinking: /home/server/ros2_ws/install/my_bot/share/my_bot/cmake/my_botConfig-version.cmake
[0.598s] -- Symlinking: /home/server/ros2_ws/install/my_bot/share/my_bot/package.xml
[0.610s] Invoked command in '/home/server/ros2_ws/build/my_bot' returned '0': CMAKE_PREFIX_PATH=/opt/ros/humble /usr/bin/cmake --install /home/server/ros2_ws/build/my_bot
