[0.012s] Invoking command in '/home/server/ros2_ws/build/my_bot': CMAKE_PREFIX_PATH=/opt/ros/humble /usr/bin/cmake --build /home/server/ros2_ws/build/my_bot -- -j8 -l8
[0.041s] Invoked command in '/home/server/ros2_ws/build/my_bot' returned '0': CMAKE_PREFIX_PATH=/opt/ros/humble /usr/bin/cmake --build /home/server/ros2_ws/build/my_bot -- -j8 -l8
[0.067s] Invoking command in '/home/server/ros2_ws/build/my_bot': CMAKE_PREFIX_PATH=/opt/ros/humble /usr/bin/cmake --install /home/server/ros2_ws/build/my_bot
[0.073s] -- Install configuration: ""
[0.073s] -- Up-to-date: /home/server/ros2_ws/install/my_bot/share/my_bot/config
[0.073s] -- Up-to-date: /home/server/ros2_ws/install/my_bot/share/my_bot/config/view_bot.rviz
[0.073s] -- Up-to-date: /home/server/ros2_ws/install/my_bot/share/my_bot/config/drive_bot.rviz
[0.073s] -- Up-to-date: /home/server/ros2_ws/install/my_bot/share/my_bot/config/my_controllers.yaml
[0.074s] -- Up-to-date: /home/server/ros2_ws/install/my_bot/share/my_bot/config/empty.yaml
[0.074s] -- Up-to-date: /home/server/ros2_ws/install/my_bot/share/my_bot/description
[0.074s] -- Up-to-date: /home/server/ros2_ws/install/my_bot/share/my_bot/description/camera.xacro
[0.074s] -- Up-to-date: /home/server/ros2_ws/install/my_bot/share/my_bot/description/robot.urdf.xacro
[0.074s] -- Up-to-date: /home/server/ros2_ws/install/my_bot/share/my_bot/description/robot_core.xacro
[0.074s] -- Up-to-date: /home/server/ros2_ws/install/my_bot/share/my_bot/description/ros2_control.xacro
[0.074s] -- Up-to-date: /home/server/ros2_ws/install/my_bot/share/my_bot/description/gazebo_control.xacro
[0.075s] -- Up-to-date: /home/server/ros2_ws/install/my_bot/share/my_bot/description/inertial_macros.xacro
[0.075s] -- Up-to-date: /home/server/ros2_ws/install/my_bot/share/my_bot/launch
[0.075s] -- Up-to-date: /home/server/ros2_ws/install/my_bot/share/my_bot/launch/rsp.launch.py
[0.075s] -- Installing: /home/server/ros2_ws/install/my_bot/share/my_bot/launch/launch_sim.launch.py
[0.075s] -- Up-to-date: /home/server/ros2_ws/install/my_bot/share/my_bot/launch/rs_intra_process_demo_launch.py
[0.075s] -- Up-to-date: /home/server/ros2_ws/install/my_bot/share/my_bot/launch/rs_multi_camera_launch.py
[0.075s] -- Up-to-date: /home/server/ros2_ws/install/my_bot/share/my_bot/launch/rs_launch.py
[0.075s] -- Up-to-date: /home/server/ros2_ws/install/my_bot/share/my_bot/worlds
[0.075s] -- Up-to-date: /home/server/ros2_ws/install/my_bot/share/my_bot/worlds/new.world
[0.076s] -- Up-to-date: /home/server/ros2_ws/install/my_bot/share/my_bot/worlds/mp.world
[0.076s] -- Up-to-date: /home/server/ros2_ws/install/my_bot/share/my_bot/worlds/empty.world
[0.076s] -- Up-to-date: /home/server/ros2_ws/install/my_bot/share/my_bot/meshes
[0.076s] -- Up-to-date: /home/server/ros2_ws/install/my_bot/share/my_bot/meshes/left_wheel_link.STL
[0.076s] -- Up-to-date: /home/server/ros2_ws/install/my_bot/share/my_bot/meshes/right_wheel_link.STL
[0.076s] -- Up-to-date: /home/server/ros2_ws/install/my_bot/share/my_bot/meshes/camera_link.STL
[0.076s] -- Up-to-date: /home/server/ros2_ws/install/my_bot/share/my_bot/meshes/base_link.STL
[0.076s] -- Up-to-date: /home/server/ros2_ws/install/my_bot/share/my_bot/meshes/wheel_caster_link.STL
[0.076s] -- Up-to-date: /home/server/ros2_ws/install/my_bot/share/my_bot/meshes/base_caster_link.STL
[0.077s] -- Up-to-date: /home/server/ros2_ws/install/my_bot/share/ament_index/resource_index/package_run_dependencies/my_bot
[0.077s] -- Up-to-date: /home/server/ros2_ws/install/my_bot/share/ament_index/resource_index/parent_prefix_path/my_bot
[0.077s] -- Up-to-date: /home/server/ros2_ws/install/my_bot/share/my_bot/environment/ament_prefix_path.sh
[0.078s] -- Up-to-date: /home/server/ros2_ws/install/my_bot/share/my_bot/environment/ament_prefix_path.dsv
[0.078s] -- Up-to-date: /home/server/ros2_ws/install/my_bot/share/my_bot/environment/path.sh
[0.078s] -- Up-to-date: /home/server/ros2_ws/install/my_bot/share/my_bot/environment/path.dsv
[0.079s] -- Up-to-date: /home/server/ros2_ws/install/my_bot/share/my_bot/local_setup.bash
[0.079s] -- Up-to-date: /home/server/ros2_ws/install/my_bot/share/my_bot/local_setup.sh
[0.079s] -- Up-to-date: /home/server/ros2_ws/install/my_bot/share/my_bot/local_setup.zsh
[0.079s] -- Up-to-date: /home/server/ros2_ws/install/my_bot/share/my_bot/local_setup.dsv
[0.079s] -- Installing: /home/server/ros2_ws/install/my_bot/share/my_bot/package.dsv
[0.079s] -- Up-to-date: /home/server/ros2_ws/install/my_bot/share/ament_index/resource_index/packages/my_bot
[0.080s] -- Up-to-date: /home/server/ros2_ws/install/my_bot/share/my_bot/cmake/my_botConfig.cmake
[0.080s] -- Up-to-date: /home/server/ros2_ws/install/my_bot/share/my_bot/cmake/my_botConfig-version.cmake
[0.080s] -- Up-to-date: /home/server/ros2_ws/install/my_bot/share/my_bot/package.xml
[0.080s] Invoked command in '/home/server/ros2_ws/build/my_bot' returned '0': CMAKE_PREFIX_PATH=/opt/ros/humble /usr/bin/cmake --install /home/server/ros2_ws/build/my_bot
